<?xml version="1.0" encoding="UTF-8"?>
<!-- Generated by org.testng.reporters.JUnitReportReporter -->
<testsuite hostname="A164DESK" name="com.seleniumid.SeleniumJenkins.Example" tests="1" failures="0" timestamp="14 Jun 2018 10:21:18 GMT" time="5.996" errors="0">
  <testcase name="testgooglrsearch" time="5.996" classname="com.seleniumid.SeleniumJenkins.Example"/>
</testsuite> <!-- com.seleniumid.SeleniumJenkins.Example -->
